Performing C SOURCE FILE Test CMAKE_HAVE_LIBC_PTHREAD failed with the following output:
Change Dir: /data/ljoseph/Geant4/TN/underground_physics/build/CMakeFiles/CMakeScratch/TryCompile-OfIQtz

Run Build Command(s):/usr/bin/gmake -f Makefile cmTC_c9eb9/fast && /usr/bin/gmake  -f CMakeFiles/cmTC_c9eb9.dir/build.make CMakeFiles/cmTC_c9eb9.dir/build
gmake[1]: Entering directory `/data/ljoseph/Geant4/TN/underground_physics/build/CMakeFiles/CMakeScratch/TryCompile-OfIQtz'
Building C object CMakeFiles/cmTC_c9eb9.dir/src.c.o
/usr/local/bin/gcc -DCMAKE_HAVE_LIBC_PTHREAD   -o CMakeFiles/cmTC_c9eb9.dir/src.c.o -c /data/ljoseph/Geant4/TN/underground_physics/build/CMakeFiles/CMakeScratch/TryCompile-OfIQtz/src.c
Linking C executable cmTC_c9eb9
/usr/local/bin/cmake -E cmake_link_script CMakeFiles/cmTC_c9eb9.dir/link.txt --verbose=1
/usr/local/bin/gcc CMakeFiles/cmTC_c9eb9.dir/src.c.o -o cmTC_c9eb9 
CMakeFiles/cmTC_c9eb9.dir/src.c.o: In function `main':
src.c:(.text+0x2d): undefined reference to `pthread_create'
src.c:(.text+0x39): undefined reference to `pthread_detach'
src.c:(.text+0x45): undefined reference to `pthread_cancel'
src.c:(.text+0x56): undefined reference to `pthread_join'
src.c:(.text+0x6a): undefined reference to `pthread_atfork'
collect2: error: ld returned 1 exit status
gmake[1]: *** [cmTC_c9eb9] Error 1
gmake[1]: Leaving directory `/data/ljoseph/Geant4/TN/underground_physics/build/CMakeFiles/CMakeScratch/TryCompile-OfIQtz'
gmake: *** [cmTC_c9eb9/fast] Error 2


Source file was:
#include <pthread.h>

static void* test_func(void* data)
{
  return data;
}

int main(void)
{
  pthread_t thread;
  pthread_create(&thread, NULL, test_func, NULL);
  pthread_detach(thread);
  pthread_cancel(thread);
  pthread_join(thread, NULL);
  pthread_atfork(NULL, NULL, NULL);
  pthread_exit(NULL);

  return 0;
}


