Performing C++ SOURCE FILE Test CMAKE_HAVE_LIBC_PTHREAD failed with the following output:
Change Dir: /data/ljoseph/Geant4/TN/Simple/build/CMakeFiles/CMakeScratch/TryCompile-oBRtv4

Run Build Command(s):/usr/bin/gmake -f Makefile cmTC_d5967/fast && /usr/bin/gmake  -f CMakeFiles/cmTC_d5967.dir/build.make CMakeFiles/cmTC_d5967.dir/build
gmake[1]: Entering directory `/data/ljoseph/Geant4/TN/Simple/build/CMakeFiles/CMakeScratch/TryCompile-oBRtv4'
Building CXX object CMakeFiles/cmTC_d5967.dir/src.cxx.o
/usr/local/bin/c++ -DCMAKE_HAVE_LIBC_PTHREAD  -std=gnu++11 -o CMakeFiles/cmTC_d5967.dir/src.cxx.o -c /data/ljoseph/Geant4/TN/Simple/build/CMakeFiles/CMakeScratch/TryCompile-oBRtv4/src.cxx
Linking CXX executable cmTC_d5967
/usr/local/bin/cmake -E cmake_link_script CMakeFiles/cmTC_d5967.dir/link.txt --verbose=1
/usr/local/bin/c++ CMakeFiles/cmTC_d5967.dir/src.cxx.o -o cmTC_d5967 
CMakeFiles/cmTC_d5967.dir/src.cxx.o: In function `main':
src.cxx:(.text+0x2d): undefined reference to `pthread_create'
src.cxx:(.text+0x39): undefined reference to `pthread_detach'
src.cxx:(.text+0x45): undefined reference to `pthread_cancel'
src.cxx:(.text+0x56): undefined reference to `pthread_join'
src.cxx:(.text+0x6a): undefined reference to `pthread_atfork'
collect2: error: ld returned 1 exit status
gmake[1]: *** [cmTC_d5967] Error 1
gmake[1]: Leaving directory `/data/ljoseph/Geant4/TN/Simple/build/CMakeFiles/CMakeScratch/TryCompile-oBRtv4'
gmake: *** [cmTC_d5967/fast] Error 2


Source file was:
#include <pthread.h>

static void* test_func(void* data)
{
  return data;
}

int main(void)
{
  pthread_t thread;
  pthread_create(&thread, NULL, test_func, NULL);
  pthread_detach(thread);
  pthread_cancel(thread);
  pthread_join(thread, NULL);
  pthread_atfork(NULL, NULL, NULL);
  pthread_exit(NULL);

  return 0;
}


